<?xml version="1.0" encoding="UTF-8"?>
<testng-results ignored="0" total="1" passed="1" failed="0" skipped="0">
  <reporter-output>
  </reporter-output>
  <suite started-at="2023-05-20T21:33:24 IST" name="Default suite" finished-at="2023-05-20T21:33:35 IST" duration-ms="11348">
    <groups>
    </groups>
    <test started-at="2023-05-20T21:33:24 IST" name="Default test" finished-at="2023-05-20T21:33:35 IST" duration-ms="11348">
      <class name="TestNGpkg.Windowhandle">
        <test-method is-config="true" signature="setup()[pri:0, instance:TestNGpkg.Windowhandle@60bd273d]" started-at="2023-05-20T21:33:24 IST" name="setup" finished-at="2023-05-20T21:33:34 IST" duration-ms="9579" status="PASS">
          <reporter-output>
          </reporter-output>
        </test-method> <!-- setup -->
        <test-method signature="test()[pri:0, instance:TestNGpkg.Windowhandle@60bd273d]" started-at="2023-05-20T21:33:34 IST" name="test" finished-at="2023-05-20T21:33:35 IST" duration-ms="1704" status="PASS">
          <reporter-output>
          </reporter-output>
        </test-method> <!-- test -->
      </class> <!-- TestNGpkg.Windowhandle -->
    </test> <!-- Default test -->
  </suite> <!-- Default suite -->
</testng-results>
